[debug] [2025-04-22T08:31:31.026Z] ----------------------------------------------------------------------
[debug] [2025-04-22T08:31:31.028Z] Command:       C:\Program Files\nodejs\node.exe C:\Users\boonf\Desktop\Cedt year 1 term 2\Software Engineering Lab\Lab\CI_CD\225-github-actions-demo\node_modules\firebase-tools\lib\bin\firebase.js init hosting
[debug] [2025-04-22T08:31:31.028Z] CLI Version:   14.2.0
[debug] [2025-04-22T08:31:31.028Z] Platform:      win32
[debug] [2025-04-22T08:31:31.028Z] Node Version:  v20.17.0
[debug] [2025-04-22T08:31:31.029Z] Time:          Tue Apr 22 2025 15:31:31 GMT+0700 (เวลาอินโดจีน)
[debug] [2025-04-22T08:31:31.029Z] ----------------------------------------------------------------------
[debug] 
[debug] [2025-04-22T08:31:31.161Z] > command requires scopes: ["email","openid","https://www.googleapis.com/auth/cloudplatformprojects.readonly","https://www.googleapis.com/auth/firebase","https://www.googleapis.com/auth/cloud-platform"]
[debug] [2025-04-22T08:31:31.161Z] > authorizing via signed-in user (baworntatt.t@gmail.com)
[info] 
     ######## #### ########  ######## ########     ###     ######  ########
     ##        ##  ##     ## ##       ##     ##  ##   ##  ##       ##
     ######    ##  ########  ######   ########  #########  ######  ######
     ##        ##  ##    ##  ##       ##     ## ##     ##       ## ##
     ##       #### ##     ## ######## ########  ##     ##  ######  ########

You're about to initialize a Firebase project in this directory:

  C:\Users\boonf\Desktop\Cedt year 1 term 2\Software Engineering Lab\Lab\CI_CD\225-github-actions-demo

Before we get started, keep in mind:

  * You are initializing within an existing Firebase project directory

[info] 
=== Project Setup
[info] 
[info] First, let's associate this project directory with a Firebase project.
[info] You can create multiple project aliases by running firebase use --add, 
[info] but for now we'll just set up a default project.
[info] 
[debug] [2025-04-22T08:31:52.146Z] Using project from CLI flag: fireship-lessons
[debug] [2025-04-22T08:31:52.147Z] Checked if tokens are valid: true, expires at: 1745314287929
[debug] [2025-04-22T08:31:52.147Z] Checked if tokens are valid: true, expires at: 1745314287929
[debug] [2025-04-22T08:31:52.148Z] >>> [apiv2][query] GET https://firebase.googleapis.com/v1beta1/projects/fireship-lessons [none]
[debug] [2025-04-22T08:31:53.629Z] <<< [apiv2][status] GET https://firebase.googleapis.com/v1beta1/projects/fireship-lessons 403
[debug] [2025-04-22T08:31:53.629Z] <<< [apiv2][body] GET https://firebase.googleapis.com/v1beta1/projects/fireship-lessons {"error":{"code":403,"message":"The caller does not have permission","status":"PERMISSION_DENIED"}}
[debug] [2025-04-22T08:31:53.630Z] Request to https://firebase.googleapis.com/v1beta1/projects/fireship-lessons had HTTP Error: 403, The caller does not have permission
[debug] [2025-04-22T08:31:53.805Z] FirebaseError: Request to https://firebase.googleapis.com/v1beta1/projects/fireship-lessons had HTTP Error: 403, The caller does not have permission
    at responseToError (C:\Users\boonf\Desktop\Cedt year 1 term 2\Software Engineering Lab\Lab\CI_CD\225-github-actions-demo\node_modules\firebase-tools\lib\responseToError.js:52:12)
    at RetryOperation._fn (C:\Users\boonf\Desktop\Cedt year 1 term 2\Software Engineering Lab\Lab\CI_CD\225-github-actions-demo\node_modules\firebase-tools\lib\apiv2.js:312:77)
    at process.processTicksAndRejections (node:internal/process/task_queues:95:5)
[error] 
[error] Error: Failed to get Firebase project fireship-lessons. Please make sure the project exists and your account has permission to access it.
[debug] [2025-04-22T08:31:56.001Z] ----------------------------------------------------------------------
[debug] [2025-04-22T08:31:56.003Z] Command:       C:\Program Files\nodejs\node.exe C:\Users\boonf\Desktop\Cedt year 1 term 2\Software Engineering Lab\Lab\CI_CD\225-github-actions-demo\node_modules\firebase-tools\lib\bin\firebase.js init emulators
[debug] [2025-04-22T08:31:56.003Z] CLI Version:   14.2.0
[debug] [2025-04-22T08:31:56.004Z] Platform:      win32
[debug] [2025-04-22T08:31:56.004Z] Node Version:  v20.17.0
[debug] [2025-04-22T08:31:56.004Z] Time:          Tue Apr 22 2025 15:31:56 GMT+0700 (เวลาอินโดจีน)
[debug] [2025-04-22T08:31:56.004Z] ----------------------------------------------------------------------
[debug] 
[debug] [2025-04-22T08:31:56.135Z] > command requires scopes: ["email","openid","https://www.googleapis.com/auth/cloudplatformprojects.readonly","https://www.googleapis.com/auth/firebase","https://www.googleapis.com/auth/cloud-platform"]
[debug] [2025-04-22T08:31:56.135Z] > authorizing via signed-in user (baworntatt.t@gmail.com)
[info] 
     ######## #### ########  ######## ########     ###     ######  ########
     ##        ##  ##     ## ##       ##     ##  ##   ##  ##       ##
     ######    ##  ########  ######   ########  #########  ######  ######
     ##        ##  ##    ##  ##       ##     ## ##     ##       ## ##
     ##       #### ##     ## ######## ########  ##     ##  ######  ########

You're about to initialize a Firebase project in this directory:

  C:\Users\boonf\Desktop\Cedt year 1 term 2\Software Engineering Lab\Lab\CI_CD\225-github-actions-demo

Before we get started, keep in mind:

  * You are initializing within an existing Firebase project directory

[info] 
=== Project Setup
[info] 
[info] First, let's associate this project directory with a Firebase project.
[info] You can create multiple project aliases by running firebase use --add, 
[info] but for now we'll just set up a default project.
[info] 
[debug] [2025-04-22T08:32:27.330Z] Using project from CLI flag: fireship-lessons
[debug] [2025-04-22T08:32:27.330Z] Checked if tokens are valid: true, expires at: 1745314287929
[debug] [2025-04-22T08:32:27.331Z] Checked if tokens are valid: true, expires at: 1745314287929
[debug] [2025-04-22T08:32:27.332Z] >>> [apiv2][query] GET https://firebase.googleapis.com/v1beta1/projects/fireship-lessons [none]
[debug] [2025-04-22T08:32:29.533Z] <<< [apiv2][status] GET https://firebase.googleapis.com/v1beta1/projects/fireship-lessons 403
[debug] [2025-04-22T08:32:29.533Z] <<< [apiv2][body] GET https://firebase.googleapis.com/v1beta1/projects/fireship-lessons {"error":{"code":403,"message":"The caller does not have permission","status":"PERMISSION_DENIED"}}
[debug] [2025-04-22T08:32:29.534Z] Request to https://firebase.googleapis.com/v1beta1/projects/fireship-lessons had HTTP Error: 403, The caller does not have permission
[debug] [2025-04-22T08:32:29.684Z] FirebaseError: Request to https://firebase.googleapis.com/v1beta1/projects/fireship-lessons had HTTP Error: 403, The caller does not have permission
    at responseToError (C:\Users\boonf\Desktop\Cedt year 1 term 2\Software Engineering Lab\Lab\CI_CD\225-github-actions-demo\node_modules\firebase-tools\lib\responseToError.js:52:12)
    at RetryOperation._fn (C:\Users\boonf\Desktop\Cedt year 1 term 2\Software Engineering Lab\Lab\CI_CD\225-github-actions-demo\node_modules\firebase-tools\lib\apiv2.js:312:77)
    at process.processTicksAndRejections (node:internal/process/task_queues:95:5)
[error] 
[error] Error: Failed to get Firebase project fireship-lessons. Please make sure the project exists and your account has permission to access it.
[debug] [2025-04-22T08:32:56.751Z] ----------------------------------------------------------------------
[debug] [2025-04-22T08:32:56.753Z] Command:       C:\Program Files\nodejs\node.exe C:\Users\boonf\Desktop\Cedt year 1 term 2\Software Engineering Lab\Lab\CI_CD\225-github-actions-demo\node_modules\firebase-tools\lib\bin\firebase.js emulators:start
[debug] [2025-04-22T08:32:56.753Z] CLI Version:   14.2.0
[debug] [2025-04-22T08:32:56.753Z] Platform:      win32
[debug] [2025-04-22T08:32:56.753Z] Node Version:  v20.17.0
[debug] [2025-04-22T08:32:56.754Z] Time:          Tue Apr 22 2025 15:32:56 GMT+0700 (เวลาอินโดจีน)
[debug] [2025-04-22T08:32:56.754Z] ----------------------------------------------------------------------
[debug] 
[debug] [2025-04-22T08:32:56.928Z] > command requires scopes: ["email","openid","https://www.googleapis.com/auth/cloudplatformprojects.readonly","https://www.googleapis.com/auth/firebase","https://www.googleapis.com/auth/cloud-platform"]
[debug] [2025-04-22T08:32:56.928Z] > authorizing via signed-in user (baworntatt.t@gmail.com)
[info] i  emulators: Starting emulators: hosting {"metadata":{"emulator":{"name":"hub"},"message":"Starting emulators: hosting"}}
[debug] [2025-04-22T08:32:56.935Z] [logging] Logging Emulator only supports listening on one address (127.0.0.1). Not listening on ::1
[debug] [2025-04-22T08:32:56.935Z] [hosting] Hosting Emulator only supports listening on one address (127.0.0.1). Not listening on ::1
[debug] [2025-04-22T08:32:56.936Z] assigned listening specs for emulators {"user":{"hub":[{"address":"127.0.0.1","family":"IPv4","port":4400},{"address":"::1","family":"IPv6","port":4400}],"logging":[{"address":"127.0.0.1","family":"IPv4","port":4500}],"hosting":[{"address":"127.0.0.1","family":"IPv4","port":5000}]},"metadata":{"message":"assigned listening specs for emulators"}}
[debug] [2025-04-22T08:32:56.940Z] [hub] writing locator at C:\Users\boonf\AppData\Local\Temp\hub-fireship-lessons.json
[debug] [2025-04-22T08:32:56.952Z] Checked if tokens are valid: true, expires at: 1745314287929
[debug] [2025-04-22T08:32:56.953Z] Checked if tokens are valid: true, expires at: 1745314287929
[debug] [2025-04-22T08:32:56.953Z] >>> [apiv2][query] GET https://firebasehosting.googleapis.com/v1beta1/projects/fireship-lessons/sites 
[debug] [2025-04-22T08:32:57.650Z] <<< [apiv2][status] GET https://firebasehosting.googleapis.com/v1beta1/projects/fireship-lessons/sites 403
[debug] [2025-04-22T08:32:57.650Z] <<< [apiv2][body] GET https://firebasehosting.googleapis.com/v1beta1/projects/fireship-lessons/sites {"error":{"code":403,"message":"Permission 'firebasehosting.sites.get' denied on resource 'projects/fireship-lessons' (or it may not exist)","status":"PERMISSION_DENIED"}}
[debug] [2025-04-22T08:32:57.650Z] Failed to list hosting sites
[debug] Request to https://firebasehosting.googleapis.com/v1beta1/projects/fireship-lessons/sites had HTTP Error: 403, Permission 'firebasehosting.sites.get' denied on resource 'projects/fireship-lessons' (or it may not exist)
[debug] [2025-04-22T08:32:57.650Z] Checked if tokens are valid: true, expires at: 1745314287929
[debug] [2025-04-22T08:32:57.650Z] Checked if tokens are valid: true, expires at: 1745314287929
[debug] [2025-04-22T08:32:57.651Z] >>> [apiv2][query] GET https://firebase.googleapis.com/v1beta1/projects/fireship-lessons/webApps/-/config [none]
[debug] [2025-04-22T08:32:58.053Z] <<< [apiv2][status] GET https://firebase.googleapis.com/v1beta1/projects/fireship-lessons/webApps/-/config 403
[debug] [2025-04-22T08:32:58.053Z] <<< [apiv2][body] GET https://firebase.googleapis.com/v1beta1/projects/fireship-lessons/webApps/-/config {"error":{"code":403,"message":"The caller does not have permission","status":"PERMISSION_DENIED"}}
[debug] [2025-04-22T08:32:58.053Z] fetchWebSetup error: FirebaseError: Request to https://firebase.googleapis.com/v1beta1/projects/fireship-lessons/webApps/-/config had HTTP Error: 403, The caller does not have permission
[warn] !  hosting: Authentication error when trying to fetch your current web app configuration, have you run firebase login? 
[warn] !  hosting: Could not fetch web app configuration and there is no cached configuration on this machine. Check your internet connection and make sure you are authenticated. To continue, you must call firebase.initializeApp({...}) in your code before using Firebase. 
[debug] [2025-04-22T08:32:58.054Z] Checked if tokens are valid: true, expires at: 1745314287929
[debug] [2025-04-22T08:32:58.054Z] Checked if tokens are valid: true, expires at: 1745314287929
[debug] [2025-04-22T08:32:58.055Z] >>> [apiv2][query] GET https://firebase.googleapis.com/v1beta1/projects/fireship-lessons [none]
[debug] [2025-04-22T08:32:58.333Z] <<< [apiv2][status] GET https://firebase.googleapis.com/v1beta1/projects/fireship-lessons 403
[debug] [2025-04-22T08:32:58.333Z] <<< [apiv2][body] GET https://firebase.googleapis.com/v1beta1/projects/fireship-lessons {"error":{"code":403,"message":"The caller does not have permission","status":"PERMISSION_DENIED"}}
[debug] [2025-04-22T08:32:58.333Z] Request to https://firebase.googleapis.com/v1beta1/projects/fireship-lessons had HTTP Error: 403, The caller does not have permission
[info] i  hosting[fireship-lessons]: Serving hosting files from: public {"metadata":{"emulator":{"name":"hosting"},"message":"Serving hosting files from: \u001b[1mpublic\u001b[22m"}}
[info] +  hosting[fireship-lessons]: Local server: http://127.0.0.1:5000 {"metadata":{"emulator":{"name":"hosting"},"message":"Local server: \u001b[4m\u001b[1mhttp://127.0.0.1:5000\u001b[22m\u001b[24m"}}
[warn] !  emulators: The Emulator UI is not starting, either because none of the running emulators have a UI component or the Emulator UI cannot determine the Project ID. Pass the --project flag to specify a project. {"metadata":{"emulator":{"name":"hub"},"message":"The Emulator UI is not starting, either because none of the running emulators have a UI component or the Emulator UI cannot determine the Project ID. Pass the --project flag to specify a project."}}
[debug] [2025-04-22T08:32:58.349Z] Could not find VSCode notification endpoint: FetchError: request to http://localhost:40001/vscode/notify failed, reason: . If you are not running the Firebase Data Connect VSCode extension, this is expected and not an issue.
[info] 
┌─────────────────────────────────────────────────────────────┐
│ ✔  All emulators ready! It is now safe to connect your app. │
└─────────────────────────────────────────────────────────────┘

┌──────────┬────────────────┐
│ Emulator │ Host:Port      │
├──────────┼────────────────┤
│ Hosting  │ 127.0.0.1:5000 │
└──────────┴────────────────┘
  Emulator Hub host: 127.0.0.1 port: 4400
  Other reserved ports: 4500

Issues? Report them at https://github.com/firebase/firebase-tools/issues and attach the *-debug.log files.
 
[debug] [2025-04-22T08:40:13.474Z] Received signal SIGINT (Ctrl-C) 1
[info]  
[info] i  emulators: Received SIGINT (Ctrl-C) for the first time. Starting a clean shutdown. 
[info] i  emulators: Please wait for a clean shutdown or send the SIGINT (Ctrl-C) signal again to stop right now. 
[info] i  emulators: Shutting down emulators. {"metadata":{"emulator":{"name":"hub"},"message":"Shutting down emulators."}}
[info] i  hosting: Stopping Hosting Emulator {"metadata":{"emulator":{"name":"hosting"},"message":"Stopping Hosting Emulator"}}
[info] i  hub: Stopping emulator hub {"metadata":{"emulator":{"name":"hub"},"message":"Stopping emulator hub"}}
[info] i  logging: Stopping Logging Emulator {"metadata":{"emulator":{"name":"logging"},"message":"Stopping Logging Emulator"}}
[debug] [2025-04-22T08:40:13.481Z] Could not find VSCode notification endpoint: FetchError: request to http://localhost:40001/vscode/notify failed, reason: . If you are not running the Firebase Data Connect VSCode extension, this is expected and not an issue.
[debug] [2025-04-22T08:40:16.124Z] Received signal SIGINT (Ctrl-C) 2
[info]  
[debug] [2025-04-22T08:40:16.125Z] Skipping clean onExit() and cleanShutdown()
[warn] !  emulators: Received SIGINT (Ctrl-C) 2 times. You have forced the Emulator Suite to exit without waiting for 0 subprocess to finish. These processes may still be running on your machine:  
[info] 
┌──────────┬───────────┬─────┐
│ Emulator │ Host:Port │ PID │
└──────────┴───────────┴─────┘

To force them to exit run:

[info] TASKKILL  /T

[debug] [2025-04-22T08:40:18.066Z] Received signal SIGINT (Ctrl-C) 3
[info]  
[debug] [2025-04-22T08:40:18.066Z] Skipping clean onExit() and cleanShutdown()
[warn] !  emulators: Received SIGINT (Ctrl-C) 3 times. You have forced the Emulator Suite to exit without waiting for 0 subprocess to finish. These processes may still be running on your machine:  
[info] 
┌──────────┬───────────┬─────┐
│ Emulator │ Host:Port │ PID │
└──────────┴───────────┴─────┘

To force them to exit run:

[info] TASKKILL  /T

[debug] [2025-04-22T08:40:18.740Z] Received signal SIGINT (Ctrl-C) 4
[info]  
[debug] [2025-04-22T08:40:18.740Z] Skipping clean onExit() and cleanShutdown()
[warn] !  emulators: Received SIGINT (Ctrl-C) 4 times. You have forced the Emulator Suite to exit without waiting for 0 subprocess to finish. These processes may still be running on your machine:  
[info] 
┌──────────┬───────────┬─────┐
│ Emulator │ Host:Port │ PID │
└──────────┴───────────┴─────┘

To force them to exit run:

[info] TASKKILL  /T

[debug] [2025-04-22T08:40:19.167Z] Received signal SIGINT (Ctrl-C) 5
[info]  
[debug] [2025-04-22T08:40:19.167Z] Skipping clean onExit() and cleanShutdown()
[warn] !  emulators: Received SIGINT (Ctrl-C) 5 times. You have forced the Emulator Suite to exit without waiting for 0 subprocess to finish. These processes may still be running on your machine:  
[info] 
┌──────────┬───────────┬─────┐
│ Emulator │ Host:Port │ PID │
└──────────┴───────────┴─────┘

To force them to exit run:

[info] TASKKILL  /T

[debug] [2025-04-22T08:40:20.940Z] Error: Timed out.
    at Timeout._onTimeout (C:\Users\boonf\Desktop\Cedt year 1 term 2\Software Engineering Lab\Lab\CI_CD\225-github-actions-demo\node_modules\firebase-tools\lib\utils.js:269:49)
    at listOnTimeout (node:internal/timers:581:17)
    at process.processTimers (node:internal/timers:519:7)
[error] 
[error] Error: An unexpected error has occurred.
